<?xml version="1.0" encoding="UTF-8"?>
<testsuite xmlns:xsi="http://www.w3.org/2001/XMLSchema-instance" xsi:noNamespaceSchemaLocation="https://maven.apache.org/surefire/maven-surefire-plugin/xsd/surefire-test-report.xsd" version="3.0.2" name="TestSuite" time="85.481" tests="3" errors="0" skipped="0" failures="0">
  <properties>
[...]
</properties>
  <testcase name="runScenario[&quot;TC01: Validate CoverFox Health Insurance plan for single person&quot;, &quot;CoverFox Health Insurance Test&quot;](1)" classname="runner.CoverfoxRunnerClass" time="34.209">
    <system-out><![CDATA[
&amp#27;[1mScenario:&amp#27;[22m TC01: Validate CoverFox Health Insurance plan for single person                   &amp#27;[90m# file:///C:/Users/shilp/Desktop/clone%20project/31May25SoftwareTesting/src/test/resources/coverFoxFeatures/coverFoxHealthInsurance.feature:2&amp#27;[39m
reading browservalue is chrome
reading browservalue is chrome
reading urlvalue is https://www.coverfox.com/
I am on home page
  &amp#27;[32m✔&amp#27;[39m &amp#27;[32m&amp#27;[1mGiven &amp#27;[22mI am on home page&amp#27;[39m                                                                 &amp#27;[90m# stepDefinitions.CoverFoxHealthInsurance.i_am_on_home_page()&amp#27;[39m
I click on get started button
Clicking on female option button
  &amp#27;[32m✔&amp#27;[39m &amp#27;[32m&amp#27;[1mWhen &amp#27;[22mI click on get started button&amp#27;[39m                                                      &amp#27;[90m# stepDefinitions.CoverFoxHealthInsurance.i_click_on_get_started_button()&amp#27;[39m
I click on next button
clicking on next button
  &amp#27;[32m✔&amp#27;[39m &amp#27;[32m&amp#27;[1mAnd &amp#27;[22mI click on next button&amp#27;[39m                                                              &amp#27;[90m# stepDefinitions.CoverFoxHealthInsurance.i_click_on_next_button()&amp#27;[39m
I provide age as24 and click on next button
handling dropdown , value is  24 years
handling you dropdown
clicking on next button
  &amp#27;[32m✔&amp#27;[39m &amp#27;[32m&amp#27;[1mAnd &amp#27;[22mI provide age as &amp#27;[1m"24"&amp#27;[22m and click on next button&amp#27;[39m                                      &amp#27;[90m# stepDefinitions.CoverFoxHealthInsurance.i_provide_age_as_and_click_on_next_button(java.lang.String)&amp#27;[39m
I provide pincode as411046mobNum as9999999999 and click on next button
entering pincode
entering mobile Number
clicking on continue button
  &amp#27;[32m✔&amp#27;[39m &amp#27;[32m&amp#27;[1mAnd &amp#27;[22mI provide pincode as &amp#27;[1m"411046"&amp#27;[22m , mobNum as &amp#27;[1m"9999999999"&amp#27;[22m and click on continue button&amp#27;[39m &amp#27;[90m# stepDefinitions.CoverFoxHealthInsurance.i_provide_pincode_as_mob_num_as_and_click_on_continue_button(java.lang.String,java.lang.String)&amp#27;[39m
matching Health Insurance Plans should be displayed as 48
fetching matching reuslt
Actual result is 48
  &amp#27;[32m✔&amp#27;[39m &amp#27;[32m&amp#27;[1mThen &amp#27;[22mmatching Health Insurance Plans should be displayed as &amp#27;[1m"48"&amp#27;[22m&amp#27;[39m                        &amp#27;[90m# stepDefinitions.CoverFoxHealthInsurance.matching_health_insurance_plans_should_be_displayed_as(java.lang.String)&amp#27;[39m
closing browser
]]></system-out>
    <system-err><![CDATA[SLF4J(W): No SLF4J providers were found.
SLF4J(W): Defaulting to no-operation (NOP) logger implementation
SLF4J(W): See https://www.slf4j.org/codes.html#noProviders for further details.
Nov 13, 2025 2:35:42 PM org.openqa.selenium.devtools.CdpVersionFinder findNearestMatch
WARNING: Unable to find an exact match for CDP version 142, returning the closest version; found: 140; Please update to a Selenium version that supports CDP version 142
]]></system-err>
  </testcase>
  <testcase name="runScenario[&quot;TC02: Validate CoverFox address details page error messages&quot;, &quot;CoverFox Health Insurance Test&quot;](2)" classname="runner.CoverfoxRunnerClass" time="23.881">
    <system-out><![CDATA[
&amp#27;[1mScenario:&amp#27;[22m TC02: Validate CoverFox address details page error messages &amp#27;[90m# file:///C:/Users/shilp/Desktop/clone%20project/31May25SoftwareTesting/src/test/resources/coverFoxFeatures/coverFoxHealthInsurance.feature:10&amp#27;[39m
reading browservalue is chrome
reading browservalue is chrome
reading urlvalue is https://www.coverfox.com/
I am on home page
  &amp#27;[32m✔&amp#27;[39m &amp#27;[32m&amp#27;[1mGiven &amp#27;[22mI am on home page&amp#27;[39m                                           &amp#27;[90m# stepDefinitions.CoverFoxHealthInsurance.i_am_on_home_page()&amp#27;[39m
I click on get started button
Clicking on female option button
  &amp#27;[32m✔&amp#27;[39m &amp#27;[32m&amp#27;[1mWhen &amp#27;[22mI click on get started button&amp#27;[39m                                &amp#27;[90m# stepDefinitions.CoverFoxHealthInsurance.i_click_on_get_started_button()&amp#27;[39m
I click on next button
clicking on next button
  &amp#27;[32m✔&amp#27;[39m &amp#27;[32m&amp#27;[1mAnd &amp#27;[22mI click on next button&amp#27;[39m                                        &amp#27;[90m# stepDefinitions.CoverFoxHealthInsurance.i_click_on_next_button()&amp#27;[39m
I provide age as24 and click on next button
handling dropdown , value is  24 years
handling you dropdown
clicking on next button
  &amp#27;[32m✔&amp#27;[39m &amp#27;[32m&amp#27;[1mAnd &amp#27;[22mI provide age as &amp#27;[1m"24"&amp#27;[22m and click on next button&amp#27;[39m                &amp#27;[90m# stepDefinitions.CoverFoxHealthInsurance.i_provide_age_as_and_click_on_next_button(java.lang.String)&amp#27;[39m
clicking on continue button
  &amp#27;[32m✔&amp#27;[39m &amp#27;[32m&amp#27;[1mAnd &amp#27;[22mI click on continue button&amp#27;[39m                                    &amp#27;[90m# stepDefinitions.CoverFoxHealthInsurance.i_click_on_continue_button()&amp#27;[39m
Please enter a valid pincode
Please enter a valid mobile no.
  &amp#27;[32m✔&amp#27;[39m &amp#27;[32m&amp#27;[1mThen &amp#27;[22mValidate error messages&amp#27;[39m                                      &amp#27;[90m# stepDefinitions.CoverFoxHealthInsurance.validate_error_messages()&amp#27;[39m
closing browser
]]></system-out>
    <system-err><![CDATA[Nov 13, 2025 2:36:15 PM org.openqa.selenium.devtools.CdpVersionFinder findNearestMatch
WARNING: Unable to find an exact match for CDP version 142, returning the closest version; found: 140; Please update to a Selenium version that supports CDP version 142
]]></system-err>
  </testcase>
  <testcase name="runScenario[&quot;Validate payment&quot;, &quot;CoverFox Health Insurance Test&quot;](3)" classname="runner.CoverfoxRunnerClass" time="22.145">
    <system-out><![CDATA[
&amp#27;[1mScenario:&amp#27;[22m Validate payment                             &amp#27;[90m# file:///C:/Users/shilp/Desktop/clone%20project/31May25SoftwareTesting/src/test/resources/coverFoxFeatures/coverFoxHealthInsurance.feature:18&amp#27;[39m
reading browservalue is chrome
reading browservalue is chrome
reading urlvalue is https://www.coverfox.com/
I am on home page1
  &amp#27;[32m✔&amp#27;[39m &amp#27;[32m&amp#27;[1mGiven &amp#27;[22mI am on home page1&amp#27;[39m                           &amp#27;[90m# stepDefinitions.CoverFoxHealthInsurance.i_am_on_home_page1()&amp#27;[39m
I click on get started button
Clicking on female option button
  &amp#27;[32m✔&amp#27;[39m &amp#27;[32m&amp#27;[1mWhen &amp#27;[22mI click on get started button&amp#27;[39m                 &amp#27;[90m# stepDefinitions.CoverFoxHealthInsurance.i_click_on_get_started_button()&amp#27;[39m
I click on next button
clicking on next button
  &amp#27;[32m✔&amp#27;[39m &amp#27;[32m&amp#27;[1mAnd &amp#27;[22mI click on next button&amp#27;[39m                         &amp#27;[90m# stepDefinitions.CoverFoxHealthInsurance.i_click_on_next_button()&amp#27;[39m
I provide age as24 and click on next button
handling dropdown , value is  24 years
handling you dropdown
clicking on next button
  &amp#27;[32m✔&amp#27;[39m &amp#27;[32m&amp#27;[1mAnd &amp#27;[22mI provide age as &amp#27;[1m"24"&amp#27;[22m and click on next button&amp#27;[39m &amp#27;[90m# stepDefinitions.CoverFoxHealthInsurance.i_provide_age_as_and_click_on_next_button(java.lang.String)&amp#27;[39m
clicking on continue button
  &amp#27;[32m✔&amp#27;[39m &amp#27;[32m&amp#27;[1mAnd &amp#27;[22mI click on continue button&amp#27;[39m                     &amp#27;[90m# stepDefinitions.CoverFoxHealthInsurance.i_click_on_continue_button()&amp#27;[39m
Please enter a valid pincode
Please enter a valid mobile no.
  &amp#27;[32m✔&amp#27;[39m &amp#27;[32m&amp#27;[1mThen &amp#27;[22mValidate error messages&amp#27;[39m                       &amp#27;[90m# stepDefinitions.CoverFoxHealthInsurance.validate_error_messages()&amp#27;[39m
closing browser
]]></system-out>
    <system-err><![CDATA[Nov 13, 2025 2:36:38 PM org.openqa.selenium.devtools.CdpVersionFinder findNearestMatch
WARNING: Unable to find an exact match for CDP version 142, returning the closest version; found: 140; Please update to a Selenium version that supports CDP version 142
]]></system-err>
  </testcase>
</testsuite>