<?xml version="1.0" encoding="UTF-8"?>
<testng-results ignored="0" total="3" passed="3" failed="0" skipped="0">
  <reporter-output>
    <line>
      <![CDATA[Actual result is 48]]>
    </line>
    <line>
      <![CDATA[closing browser]]>
    </line>
    <line>
      <![CDATA[closing browser]]>
    </line>
    <line>
      <![CDATA[closing browser]]>
    </line>
  </reporter-output>
  <suite started-at="2025-11-13T14:35:37 IST" name="Suite" finished-at="2025-11-13T14:37:02 IST" duration-ms="84249">
    <groups>
      <group name="cucumber">
        <method signature="AbstractTestNGCucumberTests.runScenario(io.cucumber.testng.PickleWrapper,io.cucumber.testng.FeatureWrapper)[pri:0, instance:runner.CoverfoxRunnerClass@4218d6a3]" name="runScenario" class="io.cucumber.testng.AbstractTestNGCucumberTests"/>
      </group> <!-- cucumber -->
    </groups>
    <test started-at="2025-11-13T14:35:37 IST" name="Test" finished-at="2025-11-13T14:37:02 IST" duration-ms="84249">
      <class name="runner.CoverfoxRunnerClass">
        <test-method is-config="true" signature="setUpClass(org.testng.ITestContext)[pri:0, instance:runner.CoverfoxRunnerClass@4218d6a3]" started-at="2025-11-13T14:35:37 IST" name="setUpClass" finished-at="2025-11-13T14:35:39 IST" duration-ms="1359" status="PASS">
          <params>
            <param index="0">
              <value>
                <![CDATA[org.testng.TestRunner@2acdcce8]]>
              </value>
            </param>
          </params>
          <reporter-output>
          </reporter-output>
        </test-method> <!-- setUpClass -->
        <test-method signature="runScenario(io.cucumber.testng.PickleWrapper,io.cucumber.testng.FeatureWrapper)[pri:0, instance:runner.CoverfoxRunnerClass@4218d6a3]" started-at="2025-11-13T14:35:39 IST" name="runScenario" description="Runs Cucumber Scenarios" data-provider="scenarios" finished-at="2025-11-13T14:36:13 IST" duration-ms="34206" status="PASS">
          <params>
            <param index="0">
              <value>
                <![CDATA["TC01: Validate CoverFox Health Insurance plan for single person"]]>
              </value>
            </param>
            <param index="1">
              <value>
                <![CDATA["CoverFox Health Insurance Test"]]>
              </value>
            </param>
          </params>
          <reporter-output>
            <line>
              <![CDATA[Actual result is 48]]>
            </line>
            <line>
              <![CDATA[closing browser]]>
            </line>
          </reporter-output>
        </test-method> <!-- runScenario -->
        <test-method signature="runScenario(io.cucumber.testng.PickleWrapper,io.cucumber.testng.FeatureWrapper)[pri:0, instance:runner.CoverfoxRunnerClass@4218d6a3]" started-at="2025-11-13T14:36:13 IST" name="runScenario" description="Runs Cucumber Scenarios" data-provider="scenarios" finished-at="2025-11-13T14:36:37 IST" duration-ms="23885" status="PASS">
          <params>
            <param index="0">
              <value>
                <![CDATA["TC02: Validate CoverFox address details page error messages"]]>
              </value>
            </param>
            <param index="1">
              <value>
                <![CDATA["CoverFox Health Insurance Test"]]>
              </value>
            </param>
          </params>
          <reporter-output>
            <line>
              <![CDATA[closing browser]]>
            </line>
          </reporter-output>
        </test-method> <!-- runScenario -->
        <test-method signature="runScenario(io.cucumber.testng.PickleWrapper,io.cucumber.testng.FeatureWrapper)[pri:0, instance:runner.CoverfoxRunnerClass@4218d6a3]" started-at="2025-11-13T14:36:37 IST" name="runScenario" description="Runs Cucumber Scenarios" data-provider="scenarios" finished-at="2025-11-13T14:36:59 IST" duration-ms="22145" status="PASS">
          <params>
            <param index="0">
              <value>
                <![CDATA["Validate payment"]]>
              </value>
            </param>
            <param index="1">
              <value>
                <![CDATA["CoverFox Health Insurance Test"]]>
              </value>
            </param>
          </params>
          <reporter-output>
            <line>
              <![CDATA[closing browser]]>
            </line>
          </reporter-output>
        </test-method> <!-- runScenario -->
        <test-method is-config="true" signature="tearDownClass()[pri:0, instance:runner.CoverfoxRunnerClass@4218d6a3]" started-at="2025-11-13T14:36:59 IST" name="tearDownClass" finished-at="2025-11-13T14:37:02 IST" duration-ms="2535" status="PASS">
          <reporter-output>
          </reporter-output>
        </test-method> <!-- tearDownClass -->
      </class> <!-- runner.CoverfoxRunnerClass -->
    </test> <!-- Test -->
  </suite> <!-- Suite -->
</testng-results>
