<?xml version="1.0" encoding="UTF-8"?>
<!-- Generated by org.testng.reporters.JUnitReportReporter -->
<testsuite hostname="DESKTOP-VEUHT5M" failures="0" tests="4" name="runner.CoverfoxRunnerClass" time="102.888" errors="2" timestamp="2025-11-13T23:56:05 IST" skipped="0">
  <testcase classname="runner.CoverfoxRunnerClass" name="runScenario" time="32.713">
    <system-out>
      <![CDATA[closing browser]]>
    </system-out>
  </testcase> <!-- runScenario -->
  <testcase classname="runner.CoverfoxRunnerClass" name="runScenario" time="14.351">
    <error message="no such window: target window already closed
from unknown error: web view not found
  (Session info: chrome=142.0.7444.135)
Build info: version: &#039;4.36.0&#039;, revision: &#039;6d115cfd87&#039;
System info: os.name: &#039;Windows 10&#039;, os.arch: &#039;amd64&#039;, os.version: &#039;10.0&#039;, java.version: &#039;21.0.8&#039;
Driver info: org.openqa.selenium.chrome.ChromeDriver
Command: [8a5d127c1f562fe711acd682c61b4b3b, findElement {value=//*[text()=&#039;Female&#039;], using=xpath}]
Capabilities {acceptInsecureCerts: false, browserName: chrome, browserVersion: 142.0.7444.135, chrome: {chromedriverVersion: 142.0.7444.162 (c076baf266c..., userDataDir: C:\Users\Dell\AppData\Local...}, fedcm:accounts: true, goog:chromeOptions: {debuggerAddress: localhost:50383}, goog:processID: 5332, networkConnectionEnabled: false, pageLoadStrategy: normal, platformName: windows, proxy: Proxy(), se:cdp: ws://localhost:50383/devtoo..., se:cdpVersion: 142.0.7444.135, setWindowRect: true, strictFileInteractability: false, timeouts: {implicit: 0, pageLoad: 300000, script: 30000}, unhandledPromptBehavior: dismiss and notify, webauthn:extension:credBlob: true, webauthn:extension:largeBlob: true, webauthn:extension:minPinLength: true, webauthn:extension:prf: true, webauthn:virtualAuthenticators: true}
Session ID: 8a5d127c1f562fe711acd682c61b4b3b" type="org.openqa.selenium.NoSuchWindowException">
      <![CDATA[org.openqa.selenium.NoSuchWindowException: no such window: target window already closed
from unknown error: web view not found
  (Session info: chrome=142.0.7444.135)
Build info: version: '4.36.0', revision: '6d115cfd87'
System info: os.name: 'Windows 10', os.arch: 'amd64', os.version: '10.0', java.version: '21.0.8'
Driver info: org.openqa.selenium.chrome.ChromeDriver
Command: [8a5d127c1f562fe711acd682c61b4b3b, findElement {value=//*[text()='Female'], using=xpath}]
Capabilities {acceptInsecureCerts: false, browserName: chrome, browserVersion: 142.0.7444.135, chrome: {chromedriverVersion: 142.0.7444.162 (c076baf266c..., userDataDir: C:\Users\Dell\AppData\Local...}, fedcm:accounts: true, goog:chromeOptions: {debuggerAddress: localhost:50383}, goog:processID: 5332, networkConnectionEnabled: false, pageLoadStrategy: normal, platformName: windows, proxy: Proxy(), se:cdp: ws://localhost:50383/devtoo..., se:cdpVersion: 142.0.7444.135, setWindowRect: true, strictFileInteractability: false, timeouts: {implicit: 0, pageLoad: 300000, script: 30000}, unhandledPromptBehavior: dismiss and notify, webauthn:extension:credBlob: true, webauthn:extension:largeBlob: true, webauthn:extension:minPinLength: true, webauthn:extension:prf: true, webauthn:virtualAuthenticators: true}
Session ID: 8a5d127c1f562fe711acd682c61b4b3b
at java.base/jdk.internal.reflect.DirectConstructorHandleAccessor.newInstance(DirectConstructorHandleAccessor.java:62)
at java.base/java.lang.reflect.Constructor.newInstanceWithCaller(Constructor.java:502)
at java.base/java.lang.reflect.Constructor.newInstance(Constructor.java:486)
at org.openqa.selenium.remote.ErrorCodec.decode(ErrorCodec.java:167)
at org.openqa.selenium.remote.codec.w3c.W3CHttpResponseCodec.decode(W3CHttpResponseCodec.java:138)
at org.openqa.selenium.remote.codec.w3c.W3CHttpResponseCodec.decode(W3CHttpResponseCodec.java:50)
at org.openqa.selenium.remote.HttpCommandExecutor.execute(HttpCommandExecutor.java:215)
at org.openqa.selenium.remote.service.DriverCommandExecutor.invokeExecute(DriverCommandExecutor.java:216)
at org.openqa.selenium.remote.service.DriverCommandExecutor.execute(DriverCommandExecutor.java:174)
at org.openqa.selenium.remote.RemoteWebDriver.execute(RemoteWebDriver.java:557)
at org.openqa.selenium.remote.ElementLocation$ElementFinder$2.findElement(ElementLocation.java:165)
at org.openqa.selenium.remote.ElementLocation.findElement(ElementLocation.java:59)
at org.openqa.selenium.remote.RemoteWebDriver.findElement(RemoteWebDriver.java:380)
at org.openqa.selenium.remote.RemoteWebDriver.findElement(RemoteWebDriver.java:374)
at org.openqa.selenium.support.pagefactory.DefaultElementLocator.findElement(DefaultElementLocator.java:68)
at org.openqa.selenium.support.pagefactory.internal.LocatingElementHandler.invoke(LocatingElementHandler.java:38)
at jdk.proxy2/jdk.proxy2.$Proxy24.click(Unknown Source)
at com.coverFox.Pages.CoverFoxHomePage.clickOnFemaleOption(CoverFoxHomePage.java:21)
at stepDefinitions.CoverFoxHealthInsurance.i_click_on_get_started_button(CoverFoxHealthInsurance.java:38)
at ✽.I click on get started button(file:///C:/Users/Dell/Desktop/TestingProject/Coverfox_Insurance/src/test/resources/coverFoxFeatures/coverFoxHealthInsurance.feature:12)
]]>
    </error>
    <system-out>
      <![CDATA[closing browser]]>
    </system-out>
  </testcase> <!-- runScenario -->
  <testcase classname="runner.CoverfoxRunnerClass" name="runScenario" time="34.755">
    <system-out>
      <![CDATA[Actual result is 48
closing browser]]>
    </system-out>
  </testcase> <!-- runScenario -->
  <testcase classname="runner.CoverfoxRunnerClass" name="runScenario" time="21.069">
    <error message="The step &#039;I am on home page3&#039; is undefined.
You can implement this step using the snippet(s) below:

@Given(&quot;I am on home page3&quot;)
public void i_am_on_home_page3() {
    // Write code here that turns the phrase above into concrete actions
    throw new io.cucumber.java.PendingException();
}
" type="io.cucumber.testng.UndefinedStepException">
      <![CDATA[io.cucumber.testng.UndefinedStepException: The step 'I am on home page3' is undefined.
You can implement this step using the snippet(s) below:

@Given("I am on home page3")
public void i_am_on_home_page3() {
    // Write code here that turns the phrase above into concrete actions
    throw new io.cucumber.java.PendingException();
}

at ✽.I am on home page3(file:///C:/Users/Dell/Desktop/TestingProject/Coverfox_Insurance/src/test/resources/coverFoxFeatures/coverFoxHealthInsurance.feature:27)
]]>
    </error>
    <system-out>
      <![CDATA[closing browser]]>
    </system-out>
  </testcase> <!-- runScenario -->
  <system-out>
    <![CDATA[Actual result is 48
closing browser
closing browser
closing browser
closing browser]]>
  </system-out>
</testsuite> <!-- runner.CoverfoxRunnerClass -->
