<?xml version="1.0" encoding="UTF-8"?>
<!-- Generated by org.testng.reporters.JUnitReportReporter -->
<testsuite hostname="DESKTOP-E2NNNCC" failures="0" tests="2" name="runner.CoverfoxRunnerClass" time="67.892" errors="0" timestamp="2025-11-13T23:59:45 IST" skipped="0">
  <testcase classname="runner.CoverfoxRunnerClass" name="runScenario" time="42.848">
    <system-out>
      <![CDATA[Actual result is 48
closing browser]]>
    </system-out>
  </testcase> <!-- runScenario -->
  <testcase classname="runner.CoverfoxRunnerClass" name="runScenario" time="25.044">
    <system-out>
      <![CDATA[closing browser]]>
    </system-out>
  </testcase> <!-- runScenario -->
  <system-out>
    <![CDATA[Actual result is 48
closing browser
closing browser]]>
  </system-out>
</testsuite> <!-- runner.CoverfoxRunnerClass -->
