<?xml version="1.0" encoding="UTF-8"?>
<!-- Generated by org.testng.reporters.JUnitReportReporter -->
<testsuite hostname="LAPTOP-93UKA2HG" failures="0" tests="3" name="runner.CoverfoxRunnerClass" time="80.236" errors="0" timestamp="2025-11-13T14:37:02 IST" skipped="0">
  <testcase classname="runner.CoverfoxRunnerClass" name="runScenario" time="23.885">
    <system-out>
      <![CDATA[closing browser]]>
    </system-out>
  </testcase> <!-- runScenario -->
  <testcase classname="runner.CoverfoxRunnerClass" name="runScenario" time="34.206">
    <system-out>
      <![CDATA[Actual result is 48
closing browser]]>
    </system-out>
  </testcase> <!-- runScenario -->
  <testcase classname="runner.CoverfoxRunnerClass" name="runScenario" time="22.145">
    <system-out>
      <![CDATA[closing browser]]>
    </system-out>
  </testcase> <!-- runScenario -->
  <system-out>
    <![CDATA[Actual result is 48
closing browser
closing browser
closing browser]]>
  </system-out>
</testsuite> <!-- runner.CoverfoxRunnerClass -->
